<?xml version="1.0" encoding="UTF-8"?>
<testsuite name="tests.LoginTest" tests="1" skipped="0" failures="0" errors="0" timestamp="2019-02-18T16:41:41" hostname="LAPTOP-ICDJ8R0P" time="1.783">
  <properties/>
  <testcase name="testLogIn" classname="tests.LoginTest" time="1.783"/>
  <system-out><![CDATA[]]></system-out>
  <system-err><![CDATA[]]></system-err>
</testsuite>
