<?xml version="1.0" encoding="UTF-8"?>
<testsuite name="tests.TeamDeleteTest" tests="1" skipped="0" failures="0" errors="0" timestamp="2019-02-18T16:41:53" hostname="LAPTOP-ICDJ8R0P" time="3.475">
  <properties/>
  <testcase name="TeamDeleteFromLeftNavMenu" classname="tests.TeamDeleteTest" time="3.475"/>
  <system-out><![CDATA[]]></system-out>
  <system-err><![CDATA[]]></system-err>
</testsuite>
